<?xml version="1.0" encoding="UTF-8"?>
<testng-results ignored="0" total="1" passed="1" failed="0" skipped="0">
  <reporter-output>
  </reporter-output>
  <suite started-at="2023-09-21T21:11:00 IST" name="Default suite" finished-at="2023-09-21T21:11:04 IST" duration-ms="3968">
    <groups>
    </groups>
    <test started-at="2023-09-21T21:11:00 IST" name="Default test" finished-at="2023-09-21T21:11:04 IST" duration-ms="3968">
      <class name="com.apitest.mavenproject.AppTest">
        <test-method signature="test()[pri:0, instance:com.apitest.mavenproject.AppTest@4fb3ee4e]" started-at="2023-09-21T21:11:00 IST" name="test" finished-at="2023-09-21T21:11:04 IST" duration-ms="3896" status="PASS">
          <reporter-output>
          </reporter-output>
        </test-method> <!-- test -->
      </class> <!-- com.apitest.mavenproject.AppTest -->
    </test> <!-- Default test -->
  </suite> <!-- Default suite -->
</testng-results>
